<?xml version="1.0" encoding="UTF-8"?>
<!-- Generated by org.testng.reporters.JUnitReportReporter -->
<testsuite skipped="1" hostname="CHTHP00097" name="testCases.TC0002_AddNewAirline" tests="1" failures="0" timestamp="22 Aug 2019 07:47:06 GMT" time="0.001" errors="0">
  <testcase name="addNewAirline" time="0.001" classname="testCases.TC0002_AddNewAirline">
    <skipped/>
  </testcase> <!-- addNewAirline -->
</testsuite> <!-- testCases.TC0002_AddNewAirline -->
