<?xml version="1.0" encoding="UTF-8"?>
<!-- Generated by org.testng.reporters.JUnitReportReporter -->
<testsuite skipped="0" hostname="CHTHP00097" name="utils.Temp" tests="1" failures="0" timestamp="09 Aug 2019 04:52:58 GMT" time="44.490" errors="0">
  <testcase name="FileChecker" time="44.490" classname="utils.Temp"/>
</testsuite> <!-- utils.Temp -->
