<?xml version="1.0" encoding="UTF-8"?>
<!-- Generated by org.testng.reporters.JUnitReportReporter -->
<testsuite skipped="1" hostname="CHTHP00097" name="testCases.TC0054_AssignMediaManager" tests="1" failures="0" timestamp="22 Aug 2019 07:18:12 GMT" time="0.002" errors="0">
  <testcase name="Miscc" time="0.002" classname="testCases.TC0054_AssignMediaManager">
    <skipped/>
  </testcase> <!-- Miscc -->
</testsuite> <!-- testCases.TC0054_AssignMediaManager -->
