<?xml version="1.0" encoding="UTF-8"?>
<!-- Generated by org.testng.reporters.JUnitReportReporter -->
<testsuite skipped="0" hostname="CHTHP00097" name="testCases.TC0120_AirlineLogin95" tests="1" failures="0" timestamp="23 Aug 2019 12:48:46 GMT" time="25.314" errors="0">
  <testcase name="AirlineLogin95" time="25.314" classname="testCases.TC0120_AirlineLogin95"/>
</testsuite> <!-- testCases.TC0120_AirlineLogin95 -->
