<?xml version="1.0" encoding="UTF-8"?>
<!-- Generated by org.testng.reporters.JUnitReportReporter -->
<testsuite skipped="1" hostname="CHTHP00097" name="testCases.TC0122_AirlineLogin121" tests="1" failures="0" timestamp="22 Aug 2019 07:18:13 GMT" time="0.001" errors="0">
  <testcase name="AirlineLogin121" time="0.001" classname="testCases.TC0122_AirlineLogin121">
    <skipped/>
  </testcase> <!-- AirlineLogin121 -->
</testsuite> <!-- testCases.TC0122_AirlineLogin121 -->
