<?xml version="1.0" encoding="UTF-8"?>
<!-- Generated by org.testng.reporters.JUnitReportReporter -->
<testsuite skipped="1" hostname="CHTHP00097" name="testCases.TC0013_Logincheck" tests="1" failures="0" timestamp="22 Aug 2019 07:18:13 GMT" time="0.000" errors="0">
  <testcase name="Logincheck" time="0.000" classname="testCases.TC0013_Logincheck">
    <skipped/>
  </testcase> <!-- Logincheck -->
</testsuite> <!-- testCases.TC0013_Logincheck -->
