<?xml version="1.0" encoding="UTF-8"?>
<!-- Generated by org.testng.reporters.JUnitReportReporter -->
<testsuite skipped="0" hostname="CHTHP00097" name="testCases.TC0115_AirlineLogin57" tests="1" failures="0" timestamp="23 Aug 2019 11:31:02 GMT" time="25.535" errors="0">
  <testcase name="AirlineLogin57" time="25.535" classname="testCases.TC0115_AirlineLogin57"/>
</testsuite> <!-- testCases.TC0115_AirlineLogin57 -->
