<?xml version="1.0" encoding="UTF-8"?>
<!-- Generated by org.testng.reporters.JUnitReportReporter -->
<testsuite skipped="1" hostname="CHTHP00097" name="testCases.TC0097_JumpToInactiveMyApps" tests="1" failures="0" timestamp="22 Aug 2019 07:18:13 GMT" time="0.001" errors="0">
  <testcase name="JumpToInactiveMyApps" time="0.001" classname="testCases.TC0097_JumpToInactiveMyApps">
    <skipped/>
  </testcase> <!-- JumpToInactiveMyApps -->
</testsuite> <!-- testCases.TC0097_JumpToInactiveMyApps -->
