<?xml version="1.0" encoding="UTF-8"?>
<!-- Generated by org.testng.reporters.JUnitReportReporter -->
<testsuite skipped="0" hostname="CHTHP00097" name="testCases.TC0126_AirlineLogin131" tests="1" failures="0" timestamp="23 Aug 2019 13:00:47 GMT" time="18.129" errors="0">
  <testcase name="AirlineLogin123" time="18.129" classname="testCases.TC0126_AirlineLogin131"/>
</testsuite> <!-- testCases.TC0126_AirlineLogin131 -->
