<?xml version="1.0" encoding="UTF-8"?>
<!-- Generated by org.testng.reporters.JUnitReportReporter -->
<testsuite skipped="0" hostname="CHTHP00097" name="testCases.TC001_Login" tests="1" failures="0" timestamp="16 Jul 2019 08:37:51 GMT" time="16.538" errors="0">
  <testcase name="loginLogOut" time="16.538" classname="testCases.TC001_Login"/>
</testsuite> <!-- testCases.TC001_Login -->
