<?xml version="1.0" encoding="UTF-8"?>
<!-- Generated by org.testng.reporters.JUnitReportReporter -->
<testsuite skipped="1" hostname="CHTHP00097" name="testCases.TC0084_DownloadParticularVendor" tests="1" failures="0" timestamp="22 Aug 2019 07:18:13 GMT" time="0.001" errors="0">
  <testcase name="DownloadParticularVendor" time="0.001" classname="testCases.TC0084_DownloadParticularVendor">
    <skipped/>
  </testcase> <!-- DownloadParticularVendor -->
</testsuite> <!-- testCases.TC0084_DownloadParticularVendor -->
