<?xml version="1.0" encoding="UTF-8"?>
<!-- Generated by org.testng.reporters.JUnitReportReporter -->
<testsuite skipped="1" hostname="CHTHP00097" name="testCases.TC0091_DeactivateUsers" tests="1" failures="0" timestamp="22 Aug 2019 07:18:12 GMT" time="0.000" errors="0">
  <testcase name="DeactivateUsers" time="0.000" classname="testCases.TC0091_DeactivateUsers">
    <skipped/>
  </testcase> <!-- DeactivateUsers -->
</testsuite> <!-- testCases.TC0091_DeactivateUsers -->
