<?xml version="1.0" encoding="UTF-8"?>
<!-- Generated by org.testng.reporters.JUnitReportReporter -->
<testsuite skipped="0" hostname="CHTHP00097" name="testCases.TC0008_AddNewDeveloper" tests="1" failures="0" timestamp="23 Jul 2019 04:35:39 GMT" time="17.701" errors="0">
  <testcase name="developerRegistration" time="17.701" classname="testCases.TC0008_AddNewDeveloper"/>
</testsuite> <!-- testCases.TC0008_AddNewDeveloper -->
