<?xml version="1.0" encoding="UTF-8"?>
<!-- Generated by org.testng.reporters.JUnitReportReporter -->
<testsuite skipped="0" hostname="CHTHP00097" name="testCases.TC0002_AddNewAirline" tests="1" failures="0" timestamp="31 Jul 2019 10:51:27 GMT" time="16.073" errors="0">
  <testcase name="loginLogOut" time="16.073" classname="testCases.TC0002_AddNewAirline"/>
</testsuite> <!-- testCases.TC0002_AddNewAirline -->
