<?xml version="1.0" encoding="UTF-8"?>
<!-- Generated by org.testng.reporters.JUnitReportReporter -->
<testsuite skipped="0" hostname="CHTHP00097" name="testCases.TC0001_CheckNewRegister" tests="1" failures="0" timestamp="16 Aug 2019 04:28:42 GMT" time="10.905" errors="0">
  <testcase name="CheckNewRegister" time="10.905" classname="testCases.TC0001_CheckNewRegister"/>
</testsuite> <!-- testCases.TC0001_CheckNewRegister -->
