<?xml version="1.0" encoding="UTF-8"?>
<!-- Generated by org.testng.reporters.JUnitReportReporter -->
<testsuite skipped="1" hostname="CHTHP00097" name="testCases.TC0136_AppAdminLogin81" tests="1" failures="0" timestamp="22 Aug 2019 07:18:13 GMT" time="0.001" errors="0">
  <testcase name="AppAdminLogin81" time="0.001" classname="testCases.TC0136_AppAdminLogin81">
    <skipped/>
  </testcase> <!-- AppAdminLogin81 -->
</testsuite> <!-- testCases.TC0136_AppAdminLogin81 -->
