<?xml version="1.0" encoding="UTF-8"?>
<!-- Generated by org.testng.reporters.JUnitReportReporter -->
<testsuite skipped="0" hostname="CHTHP00097" name="testCases.TC0001_CheckNewRegister" tests="1" failures="0" timestamp="01 Aug 2019 09:56:46 GMT" time="24.162" errors="0">
  <testcase name="CheckNewRegister" time="24.162" classname="testCases.TC0001_CheckNewRegister"/>
</testsuite> <!-- testCases.TC0001_CheckNewRegister -->
