<?xml version="1.0" encoding="UTF-8"?>
<!-- Generated by org.testng.reporters.JUnitReportReporter -->
<testsuite skipped="0" hostname="CHTHP00097" name="testCases.TC0005_CheckPassword" tests="1" failures="0" timestamp="26 Jul 2019 06:55:15 GMT" time="13.919" errors="0">
  <testcase name="loginLogOut" time="13.919" classname="testCases.TC0005_CheckPassword"/>
</testsuite> <!-- testCases.TC0005_CheckPassword -->
