<?xml version="1.0" encoding="UTF-8"?>
<!-- Generated by org.testng.reporters.JUnitReportReporter -->
<testsuite skipped="0" hostname="CHTHP00097" name="testCases.TC004_NewDeveloperRegistration" tests="1" failures="0" timestamp="16 Jul 2019 12:55:10 GMT" time="27.867" errors="0">
  <testcase name="developerRegistration" time="27.867" classname="testCases.TC004_NewDeveloperRegistration"/>
</testsuite> <!-- testCases.TC004_NewDeveloperRegistration -->
