<?xml version="1.0" encoding="UTF-8"?>
<!-- Generated by org.testng.reporters.JUnitReportReporter -->
<testsuite skipped="0" hostname="CHTHP00097" name="testCases.TC0003_CheckEmail" tests="1" failures="0" timestamp="22 Aug 2019 09:35:20 GMT" time="12.555" errors="0">
  <testcase name="loginLogOut" time="12.555" classname="testCases.TC0003_CheckEmail"/>
</testsuite> <!-- testCases.TC0003_CheckEmail -->
