<?xml version="1.0" encoding="UTF-8"?>
<!-- Generated by org.testng.reporters.JUnitReportReporter -->
<testsuite skipped="0" hostname="CHTHP00097" name="testCases.TC0047_CreateProgAircraft" tests="1" failures="0" timestamp="20 Aug 2019 10:24:06 GMT" time="21.835" errors="0">
  <testcase name="CreateProgAircraft" time="21.835" classname="testCases.TC0047_CreateProgAircraft"/>
</testsuite> <!-- testCases.TC0047_CreateProgAircraft -->
